<?xml version="1.0" encoding="UTF-8"?>
<testng-results ignored="0" total="1" passed="0" failed="1" skipped="0">
  <reporter-output>
  </reporter-output>
  <suite started-at="2024-10-22T07:37:38 IST" name="Default suite" finished-at="2024-10-22T07:37:56 IST" duration-ms="18041">
    <groups>
    </groups>
    <test started-at="2024-10-22T07:37:38 IST" name="Default test" finished-at="2024-10-22T07:37:56 IST" duration-ms="18041">
      <class name="Product.CreateProductTest">
        <test-method is-config="true" signature="bs()[pri:0, instance:Product.CreateProductTest@5afa3c9]" started-at="2024-10-22T07:37:38 IST" name="bs" finished-at="2024-10-22T07:37:38 IST" duration-ms="13" status="PASS">
          <reporter-output>
          </reporter-output>
        </test-method> <!-- bs -->
        <test-method is-config="true" signature="bt()[pri:0, instance:Product.CreateProductTest@5afa3c9]" started-at="2024-10-22T07:37:38 IST" name="bt" finished-at="2024-10-22T07:37:38 IST" duration-ms="0" status="PASS">
          <reporter-output>
          </reporter-output>
        </test-method> <!-- bt -->
        <test-method is-config="true" signature="bc()[pri:0, instance:Product.CreateProductTest@5afa3c9]" started-at="2024-10-22T07:37:38 IST" name="bc" finished-at="2024-10-22T07:37:40 IST" duration-ms="1966" status="PASS">
          <reporter-output>
          </reporter-output>
        </test-method> <!-- bc -->
        <test-method is-config="true" signature="bm()[pri:0, instance:Product.CreateProductTest@5afa3c9]" started-at="2024-10-22T07:37:40 IST" name="bm" finished-at="2024-10-22T07:37:45 IST" duration-ms="4989" status="PASS">
          <reporter-output>
          </reporter-output>
        </test-method> <!-- bm -->
        <test-method signature="CreateProductTest()[pri:0, instance:Product.CreateProductTest@5afa3c9]" started-at="2024-10-22T07:37:45 IST" name="CreateProductTest" finished-at="2024-10-22T07:37:53 IST" duration-ms="8172" status="FAIL">
          <exception class="java.lang.AssertionError">
            <message>
              <![CDATA[Im failing the script]]>
            </message>
            <full-stacktrace>
              <![CDATA[java.lang.AssertionError: Im failing the script
at org.testng.Assert.fail(Assert.java:111)
at Product.CreateProductTest.CreateProductTest(CreateProductTest.java:54)
at java.base/jdk.internal.reflect.NativeMethodAccessorImpl.invoke0(Native Method)
at java.base/jdk.internal.reflect.NativeMethodAccessorImpl.invoke(NativeMethodAccessorImpl.java:78)
at java.base/jdk.internal.reflect.DelegatingMethodAccessorImpl.invoke(DelegatingMethodAccessorImpl.java:43)
at java.base/java.lang.reflect.Method.invoke(Method.java:567)
at org.testng.internal.invokers.MethodInvocationHelper.invokeMethod(MethodInvocationHelper.java:139)
at org.testng.internal.invokers.TestInvoker.invokeMethod(TestInvoker.java:664)
at org.testng.internal.invokers.TestInvoker.invokeTestMethod(TestInvoker.java:228)
at org.testng.internal.invokers.MethodRunner.runInSequence(MethodRunner.java:63)
at org.testng.internal.invokers.TestInvoker$MethodInvocationAgent.invoke(TestInvoker.java:961)
at org.testng.internal.invokers.TestInvoker.invokeTestMethods(TestInvoker.java:201)
at org.testng.internal.invokers.TestMethodWorker.invokeTestMethods(TestMethodWorker.java:148)
at org.testng.internal.invokers.TestMethodWorker.run(TestMethodWorker.java:128)
at java.base/java.util.ArrayList.forEach(ArrayList.java:1511)
at org.testng.TestRunner.privateRun(TestRunner.java:819)
at org.testng.TestRunner.run(TestRunner.java:619)
at org.testng.SuiteRunner.runTest(SuiteRunner.java:443)
at org.testng.SuiteRunner.runSequentially(SuiteRunner.java:437)
at org.testng.SuiteRunner.privateRun(SuiteRunner.java:397)
at org.testng.SuiteRunner.run(SuiteRunner.java:336)
at org.testng.SuiteRunnerWorker.runSuite(SuiteRunnerWorker.java:52)
at org.testng.SuiteRunnerWorker.run(SuiteRunnerWorker.java:95)
at org.testng.TestNG.runSuitesSequentially(TestNG.java:1301)
at org.testng.TestNG.runSuitesLocally(TestNG.java:1228)
at org.testng.TestNG.runSuites(TestNG.java:1134)
at org.testng.TestNG.run(TestNG.java:1101)
at org.testng.remote.AbstractRemoteTestNG.run(AbstractRemoteTestNG.java:115)
at org.testng.remote.RemoteTestNG.initAndRun(RemoteTestNG.java:251)
at org.testng.remote.RemoteTestNG.main(RemoteTestNG.java:77)
]]>
            </full-stacktrace>
          </exception> <!-- java.lang.AssertionError -->
          <reporter-output>
          </reporter-output>
        </test-method> <!-- CreateProductTest -->
        <test-method is-config="true" signature="am()[pri:0, instance:Product.CreateProductTest@5afa3c9]" started-at="2024-10-22T07:37:53 IST" name="am" finished-at="2024-10-22T07:37:55 IST" duration-ms="2121" status="PASS">
          <reporter-output>
          </reporter-output>
        </test-method> <!-- am -->
        <test-method is-config="true" signature="ac()[pri:0, instance:Product.CreateProductTest@5afa3c9]" started-at="2024-10-22T07:37:55 IST" name="ac" finished-at="2024-10-22T07:37:56 IST" duration-ms="559" status="PASS">
          <reporter-output>
          </reporter-output>
        </test-method> <!-- ac -->
        <test-method is-config="true" signature="at()[pri:0, instance:Product.CreateProductTest@5afa3c9]" started-at="2024-10-22T07:37:56 IST" name="at" finished-at="2024-10-22T07:37:56 IST" duration-ms="0" status="PASS">
          <reporter-output>
          </reporter-output>
        </test-method> <!-- at -->
        <test-method is-config="true" signature="as()[pri:0, instance:Product.CreateProductTest@5afa3c9]" started-at="2024-10-22T07:37:56 IST" name="as" finished-at="2024-10-22T07:37:56 IST" duration-ms="1" status="PASS">
          <reporter-output>
          </reporter-output>
        </test-method> <!-- as -->
      </class> <!-- Product.CreateProductTest -->
    </test> <!-- Default test -->
  </suite> <!-- Default suite -->
</testng-results>
